C51 COMPILER V9.54   MAIN                                                                  08/14/2021 15:57:00 PAGE 1   


C51 COMPILER V9.54, COMPILATION OF MODULE MAIN
OBJECT MODULE PLACED IN .\Objects\main.obj
COMPILER INVOKED BY: C:\Keil_v5\C51\BIN\C51.EXE main.c OPTIMIZE(8,SPEED) BROWSE DEBUG OBJECTEXTEND PRINT(.\Listings\main
                    -.lst) TABS(2) OBJECT(.\Objects\main.obj)

line level    source

   1          #include <REGX52.H>
   2          #include "Delay.h"
   3          #include "LCD1602.h"
   4          #include "MatrixKey.h"
   5          
   6          unsigned char KeyNum;
   7          unsigned int Password, Count;
   8          
   9          void main()
  10          {
  11   1        LCD_Init();
  12   1        LCD_ShowString(1, 1, "Password:");
  13   1      
  14   1        while (1)
  15   1        {
  16   2          KeyNum = MatrixKey();
  17   2          if (KeyNum)
  18   2          {
  19   3            switch (KeyNum)
  20   3            {
  21   4            //S1~S10 输入密码
  22   4            case 1:;
  23   4            case 2:;
  24   4            case 3:;
  25   4            case 4:;
  26   4            case 5:;
  27   4            case 6:;
  28   4            case 7:;
  29   4            case 9:;
  30   4            case 10:
  31   4              //输入超过五位就不在让其进行输入
  32   4              if (Count < 5)
  33   4              {
  34   5                Password *= 10;
  35   5                Password += KeyNum % 10;
  36   5                Count++;
  37   5              }
  38   4              LCD_ShowNum(2, 1, Password, 5);
  39   4              break;
  40   4      
  41   4            //S11 确认密码是否正确
  42   4            case 11:
  43   4              if (Password == 12345)
  44   4              {
  45   5                LCD_ShowString(1, 13, "OK ");
  46   5              }
  47   4              else
  48   4              {
  49   5                LCD_ShowString(1, 13, "ERR");
  50   5              }
  51   4              Password = 0;
  52   4              Count = 0;
  53   4              LCD_ShowNum(2, 1, Password, 5);
  54   4              break;
C51 COMPILER V9.54   MAIN                                                                  08/14/2021 15:57:00 PAGE 2   

  55   4            //S12 重置输入的密码
  56   4            case 12:
  57   4              Password = 0;
  58   4              Count = 0;
  59   4              LCD_ShowNum(2, 1, Password, 5);
  60   4              break;
  61   4            default:
  62   4              break;
  63   4            }
  64   3          }
  65   2        }
  66   1      }


MODULE INFORMATION:   STATIC OVERLAYABLE
   CODE SIZE        =    178    ----
   CONSTANT SIZE    =     18    ----
   XDATA SIZE       =   ----    ----
   PDATA SIZE       =   ----    ----
   DATA SIZE        =      5    ----
   IDATA SIZE       =   ----    ----
   BIT SIZE         =   ----    ----
END OF MODULE INFORMATION.


C51 COMPILATION COMPLETE.  0 WARNING(S),  0 ERROR(S)
