C51 COMPILER V9.54   MATRIXKEY                                                             08/14/2021 14:44:49 PAGE 1   


C51 COMPILER V9.54, COMPILATION OF MODULE MATRIXKEY
OBJECT MODULE PLACED IN .\Objects\MatrixKey.obj
COMPILER INVOKED BY: C:\Keil_v5\C51\BIN\C51.EXE MatrixKey.c OPTIMIZE(8,SPEED) BROWSE DEBUG OBJECTEXTEND PRINT(.\Listings
                    -\MatrixKey.lst) TABS(2) OBJECT(.\Objects\MatrixKey.obj)

line level    source

   1          #include <REGX52.H>
   2          #include "Delay.h"
   3          unsigned char MatrixKey()
   4          {
   5   1          unsigned char KeyNumber = 0;
   6   1      
   7   1          P1 = 0xFF;
   8   1          P1_3 = 0;
   9   1          if (P1_7 == 0){Delay(20);while (P1_7 == 0);Delay(20); KeyNumber = 1;}
  10   1          if (P1_6 == 0){Delay(20);while (P1_6 == 0);Delay(20); KeyNumber = 5;}
  11   1          if (P1_5 == 0){Delay(20);while (P1_5 == 0);Delay(20); KeyNumber = 9;}
  12   1          if (P1_4 == 0){Delay(20);while (P1_4 == 0);Delay(20); KeyNumber = 13;}
  13   1      
  14   1      
  15   1          P1 = 0xFF;
  16   1          P1_2 = 0;
  17   1          if (P1_7 == 0){Delay(20);while (P1_7 == 0);Delay(20); KeyNumber = 2;}
  18   1          if (P1_6 == 0){Delay(20);while (P1_6 == 0);Delay(20); KeyNumber = 6;}
  19   1          if (P1_5 == 0){Delay(20);while (P1_5 == 0);Delay(20); KeyNumber = 10;}
  20   1          if (P1_4 == 0){Delay(20);while (P1_4 == 0);Delay(20); KeyNumber = 14;}
  21   1           
  22   1          P1 = 0xFF;
  23   1          P1_1 = 0;
  24   1          if (P1_7 == 0){Delay(20);while (P1_7 == 0);Delay(20); KeyNumber = 3;}
  25   1          if (P1_6 == 0){Delay(20);while (P1_6 == 0);Delay(20); KeyNumber = 7;}
  26   1          if (P1_5 == 0){Delay(20);while (P1_5 == 0);Delay(20); KeyNumber = 11;}
  27   1          if (P1_4 == 0){Delay(20);while (P1_4 == 0);Delay(20); KeyNumber = 15;}
  28   1      
  29   1      
  30   1          P1 = 0xFF;
  31   1          P1_0 = 0;
  32   1          if (P1_7 == 0){Delay(20);while (P1_7 == 0);Delay(20); KeyNumber = 4;}
  33   1          if (P1_6 == 0){Delay(20);while (P1_6 == 0);Delay(20); KeyNumber = 8;}
  34   1          if (P1_5 == 0){Delay(20);while (P1_5 == 0);Delay(20); KeyNumber = 12;}
  35   1          if (P1_4 == 0){Delay(20);while (P1_4 == 0);Delay(20); KeyNumber = 16;}
  36   1          return KeyNumber;
  37   1      }


MODULE INFORMATION:   STATIC OVERLAYABLE
   CODE SIZE        =    393    ----
   CONSTANT SIZE    =   ----    ----
   XDATA SIZE       =   ----    ----
   PDATA SIZE       =   ----    ----
   DATA SIZE        =   ----       1
   IDATA SIZE       =   ----    ----
   BIT SIZE         =   ----    ----
END OF MODULE INFORMATION.


C51 COMPILATION COMPLETE.  0 WARNING(S),  0 ERROR(S)
