C51 COMPILER V9.54   KEY                                                                   08/15/2021 13:27:49 PAGE 1   


C51 COMPILER V9.54, COMPILATION OF MODULE KEY
OBJECT MODULE PLACED IN .\Objects\Key.obj
COMPILER INVOKED BY: C:\Keil_v5\C51\BIN\C51.EXE Key.c OPTIMIZE(8,SPEED) BROWSE DEBUG OBJECTEXTEND PRINT(.\Listings\Key.l
                    -st) TABS(2) OBJECT(.\Objects\Key.obj)

line level    source

   1          #include <REGX52.H>
   2          #include "Delay.h"
   3          #include "LCD1602.h"
   4          
   5          /**
   6           * @brief 获取独立按键码
   7           * @param 无
   8           * @return 按键码 0～4
   9           */
  10          unsigned char Key()
  11          {
  12   1          unsigned char KeyNumber = 0;
  13   1         // LCD_Init();
  14   1          if (P3_1 == 0)
  15   1          {
  16   2              Delay(20);
  17   2              while (P3_1 == 0)
  18   2                //LCD_ShowString(1, 1, "Push Button: K1");
  19   2              ;
  20   2              Delay(20);
  21   2              KeyNumber = 1;
  22   2          }
  23   1          if (P3_0 == 0)
  24   1          {
  25   2              Delay(20);
  26   2              while (P3_0 == 0)
  27   2                  //LCD_ShowString(1, 1, "Push Button: K2");
  28   2              ;
  29   2              Delay(20);
  30   2              KeyNumber = 2;
  31   2          }
  32   1          if (P3_2 == 0)
  33   1          {
  34   2              Delay(20);
  35   2              while (P3_2 == 0)
  36   2                 // LCD_ShowString(1, 1, "Push Button: K3");
  37   2              ;
  38   2              Delay(20);
  39   2              KeyNumber = 3;
  40   2          }
  41   1          if (P3_3 == 0)
  42   1          {
  43   2              Delay(20);
  44   2              while (P3_3 == 0)
  45   2                 // LCD_ShowString(1, 1, "Push Button: K4");
  46   2              ;
  47   2              Delay(20);
  48   2              KeyNumber = 4;
  49   2          }
  50   1         // LCD_ShowString(1, 1, "         ");
  51   1          return KeyNumber;
  52   1      }


C51 COMPILER V9.54   KEY                                                                   08/15/2021 13:27:49 PAGE 2   

MODULE INFORMATION:   STATIC OVERLAYABLE
   CODE SIZE        =     97    ----
   CONSTANT SIZE    =   ----    ----
   XDATA SIZE       =   ----    ----
   PDATA SIZE       =   ----    ----
   DATA SIZE        =   ----       1
   IDATA SIZE       =   ----    ----
   BIT SIZE         =   ----    ----
END OF MODULE INFORMATION.


C51 COMPILATION COMPLETE.  0 WARNING(S),  0 ERROR(S)
