C51 COMPILER V9.54   MAIN                                                                  08/15/2021 14:05:47 PAGE 1   


C51 COMPILER V9.54, COMPILATION OF MODULE MAIN
OBJECT MODULE PLACED IN .\Objects\main.obj
COMPILER INVOKED BY: C:\Keil_v5\C51\BIN\C51.EXE main.c OPTIMIZE(8,SPEED) BROWSE DEBUG OBJECTEXTEND PRINT(.\Listings\main
                    -.lst) TABS(2) OBJECT(.\Objects\main.obj)

line level    source

   1          #include <REGX52.H>
   2          #include "Timer0.h"
   3          #include "Key.h"
   4          #include "INTRINS.h"
   5          #include "LCD1602.h"
   6          
   7          unsigned char Sec, Min, Hour;
   8          
   9          void main()
  10          {
  11   1        //初始化LCD,定时器0
  12   1        LCD_Init();
  13   1        Timer0Init();
  14   1        LCD_ShowString(1, 1, "Clock:");
  15   1      
  16   1        while (1)
  17   1        {
  18   2          LCD_ShowNum(2, 1, Hour, 2);
  19   2          LCD_ShowString(2,3,":");
  20   2          LCD_ShowNum(2, 4, Min, 2);
  21   2          LCD_ShowString(2,6,":");
  22   2          LCD_ShowNum(2, 7, Sec, 2);
  23   2        }
  24   1      }
  25          
  26          void Timer0_Routine() interrupt 1
  27          {
  28   1        static unsigned int T0Count;
  29   1        TL0 = 0x18; //设置定时初值
  30   1        TH0 = 0xFC; //设置定时初值
  31   1        T0Count++;
  32   1        if (T0Count >= 10)
  33   1        {
  34   2          T0Count = 0;
  35   2          if (Sec++ >= 60)
  36   2          {
  37   3            Sec = 0;
  38   3            if (Min++ >= 60)
  39   3            {
  40   4              Min = 0;
  41   4              if (Hour++ >= 24)
  42   4              {
  43   5                Hour = 0;
  44   5              }
  45   4            }
  46   3          }
  47   2        }
  48   1      }


MODULE INFORMATION:   STATIC OVERLAYABLE
   CODE SIZE        =    173    ----
   CONSTANT SIZE    =      9    ----
   XDATA SIZE       =   ----    ----
C51 COMPILER V9.54   MAIN                                                                  08/15/2021 14:05:47 PAGE 2   

   PDATA SIZE       =   ----    ----
   DATA SIZE        =      5    ----
   IDATA SIZE       =   ----    ----
   BIT SIZE         =   ----    ----
END OF MODULE INFORMATION.


C51 COMPILATION COMPLETE.  0 WARNING(S),  0 ERROR(S)
