C51 COMPILER V9.54   MAIN                                                                  08/15/2021 13:27:44 PAGE 1   


C51 COMPILER V9.54, COMPILATION OF MODULE MAIN
OBJECT MODULE PLACED IN .\Objects\main.obj
COMPILER INVOKED BY: C:\Keil_v5\C51\BIN\C51.EXE main.c OPTIMIZE(8,SPEED) BROWSE DEBUG OBJECTEXTEND PRINT(.\Listings\main
                    -.lst) TABS(2) OBJECT(.\Objects\main.obj)

line level    source

   1          #include <REGX52.H>
   2          #include "Timer0.h"
   3          #include "Key.h"
   4          #include "INTRINS.h"
   5          
   6          unsigned char KeyNumber, LEDMode;
   7          void main()
   8          {
   9   1        P2 = 0xFE;
  10   1        Timer0Init();
  11   1        while (1)
  12   1        { //获取按键编号
  13   2          KeyNumber = Key();
  14   2          if (KeyNumber == 1)
  15   2          {
  16   3            LEDMode++;
  17   3            if (LEDMode >= 2)
  18   3              LEDMode = 0;
  19   3          }
  20   2        }
  21   1      }
  22          
  23          void Timer0_Routine() interrupt 1
  24          {
  25   1        static unsigned int T0Count;
  26   1        TL0 = 0x18; //设置定时初值
  27   1        TH0 = 0xFC; //设置定时初值
  28   1        T0Count++;
  29   1        if (T0Count >= 500)
  30   1        {
  31   2          T0Count = 0;
  32   2          if (LEDMode == 0)
  33   2            P2 = _crol_(P2, 1);
  34   2      
  35   2          if (LEDMode == 1)
  36   2            P2 = _cror_(P2, 1);
  37   2        }
  38   1      }


MODULE INFORMATION:   STATIC OVERLAYABLE
   CODE SIZE        =    114    ----
   CONSTANT SIZE    =   ----    ----
   XDATA SIZE       =   ----    ----
   PDATA SIZE       =   ----    ----
   DATA SIZE        =      4    ----
   IDATA SIZE       =   ----    ----
   BIT SIZE         =   ----    ----
END OF MODULE INFORMATION.


C51 COMPILATION COMPLETE.  0 WARNING(S),  0 ERROR(S)
